<?xml version="1.0" encoding="UTF-8"?>
<testsuite xmlns:xsi="http://www.w3.org/2001/XMLSchema-instance" xsi:noNamespaceSchemaLocation="https://maven.apache.org/surefire/maven-surefire-plugin/xsd/surefire-test-report-3.0.xsd" version="3.0" name="com.example.spacefleetdb.CrewJpaRepositoryTest" time="7.653" tests="1" errors="0" skipped="0" failures="0">
  <properties>
[...]
</properties>
  <testcase name="findByFleetName" classname="com.example.spacefleetdb.CrewJpaRepositoryTest" time="0.411">
    <system-out><![CDATA[19:02:53.867 [main] INFO org.testcontainers.images.PullPolicy -- Image pull policy will be performed by: DefaultPullPolicy()
19:02:53.870 [main] INFO org.testcontainers.utility.ImageNameSubstitutor -- Image name substitution will be performed by: DefaultImageNameSubstitutor (composite of 'ConfigurationFileImageNameSubstitutor' and 'PrefixingImageNameSubstitutor')
19:02:54.070 [main] INFO org.testcontainers.dockerclient.DockerClientProviderStrategy -- Loaded org.testcontainers.dockerclient.NpipeSocketClientProviderStrategy from ~/.testcontainers.properties, will try it first
19:02:54.241 [main] INFO org.testcontainers.dockerclient.DockerClientProviderStrategy -- Found Docker environment with local Npipe socket (npipe:////./pipe/docker_engine)
19:02:54.242 [main] INFO org.testcontainers.DockerClientFactory -- Docker host IP address is localhost
19:02:54.256 [main] INFO org.testcontainers.DockerClientFactory -- Connected to docker: 
  Server Version: 28.5.1
  API Version: 1.51
  Operating System: Docker Desktop
  Total Memory: 32020 MB
19:02:54.274 [main] INFO tc.testcontainers/ryuk:0.6.0 -- Creating container for image: testcontainers/ryuk:0.6.0
19:02:54.356 [main] INFO org.testcontainers.utility.RegistryAuthLocator -- Credential helper/store (docker-credential-desktop) does not have credentials for https://index.docker.io/v1/
19:02:54.458 [main] INFO tc.testcontainers/ryuk:0.6.0 -- Container testcontainers/ryuk:0.6.0 is starting: 511edd7b8946ad7c9b2dba44f2fcbbcff51a2052b16706880575abf0bea67262
19:02:54.679 [main] INFO tc.testcontainers/ryuk:0.6.0 -- Container testcontainers/ryuk:0.6.0 started in PT0.4051318S
19:02:54.683 [main] INFO org.testcontainers.utility.RyukResourceReaper -- Ryuk started - will monitor and terminate Testcontainers containers on JVM exit
19:02:54.684 [main] INFO org.testcontainers.DockerClientFactory -- Checking the system...
19:02:54.684 [main] INFO org.testcontainers.DockerClientFactory -- ✔︎ Docker server version should be at least 1.6.0
19:02:54.685 [main] INFO tc.postgres:15-alpine -- Creating container for image: postgres:15-alpine
19:02:54.735 [main] INFO tc.postgres:15-alpine -- Container postgres:15-alpine is starting: a3260baeefa43e9752a654cccf4db6ba27aeda44cc83d1b5496ebc2932b82f06
19:02:55.765 [main] INFO tc.postgres:15-alpine -- Container postgres:15-alpine started in PT1.080108S
19:02:55.765 [main] INFO tc.postgres:15-alpine -- Container is started (JDBC URL: jdbc:postgresql://localhost:62336/testdb?loggerLevel=OFF)
19:02:55.813 [main] INFO org.springframework.test.context.support.AnnotationConfigContextLoaderUtils -- Could not detect default configuration classes for test class [com.example.spacefleetdb.CrewJpaRepositoryTest]: CrewJpaRepositoryTest does not declare any static, non-private, non-final, nested classes annotated with @Configuration.
19:02:55.871 [main] INFO org.springframework.boot.test.context.SpringBootTestContextBootstrapper -- Found @SpringBootConfiguration com.example.spacefleetdb.SpaceFleetDbApplication for test class com.example.spacefleetdb.CrewJpaRepositoryTest

  .   ____          _            __ _ _
 /\\ / ___'_ __ _ _(_)_ __  __ _ \ \ \ \
( ( )\___ | '_ | '_| | '_ \/ _` | \ \ \ \
 \\/  ___)| |_)| | | | | || (_| |  ) ) ) )
  '  |____| .__|_| |_|_| |_\__, | / / / /
 =========|_|==============|___/=/_/_/_/

 :: Spring Boot ::                (v3.3.3)

2025-12-17T19:02:56.140+03:00  INFO 16968 --- [SpaceFleetDB] [           main] c.e.spacefleetdb.CrewJpaRepositoryTest   : Starting CrewJpaRepositoryTest using Java 19.0.2 with PID 16968 (started by user in C:\Users\user\IdeaProjects\SpaceFleetDB)
2025-12-17T19:02:56.141+03:00  INFO 16968 --- [SpaceFleetDB] [           main] c.e.spacefleetdb.CrewJpaRepositoryTest   : The following 1 profile is active: "test"
2025-12-17T19:02:56.708+03:00  INFO 16968 --- [SpaceFleetDB] [           main] .s.d.r.c.RepositoryConfigurationDelegate : Bootstrapping Spring Data JPA repositories in DEFAULT mode.
2025-12-17T19:02:56.749+03:00  INFO 16968 --- [SpaceFleetDB] [           main] .s.d.r.c.RepositoryConfigurationDelegate : Finished Spring Data repository scanning in 36 ms. Found 1 JPA repository interface.
2025-12-17T19:02:57.053+03:00  INFO 16968 --- [SpaceFleetDB] [           main] com.zaxxer.hikari.HikariDataSource       : HikariPool-1 - Starting...
2025-12-17T19:02:57.148+03:00  INFO 16968 --- [SpaceFleetDB] [           main] com.zaxxer.hikari.pool.HikariPool        : HikariPool-1 - Added connection org.postgresql.jdbc.PgConnection@182e4365
2025-12-17T19:02:57.150+03:00  INFO 16968 --- [SpaceFleetDB] [           main] com.zaxxer.hikari.HikariDataSource       : HikariPool-1 - Start completed.
2025-12-17T19:02:57.229+03:00  INFO 16968 --- [SpaceFleetDB] [           main] liquibase.database                       : Set default schema name to public
2025-12-17T19:02:57.454+03:00  INFO 16968 --- [SpaceFleetDB] [           main] liquibase.lockservice                    : Successfully acquired change log lock
2025-12-17T19:02:57.473+03:00  INFO 16968 --- [SpaceFleetDB] [           main] liquibase.changelog                      : Creating database history table with name: public.databasechangelog
2025-12-17T19:02:57.478+03:00  INFO 16968 --- [SpaceFleetDB] [           main] liquibase.command                        : Clearing database change log checksums for database postgresql
2025-12-17T19:02:57.484+03:00  INFO 16968 --- [SpaceFleetDB] [           main] liquibase.lockservice                    : Successfully released change log lock
2025-12-17T19:02:57.485+03:00  INFO 16968 --- [SpaceFleetDB] [           main] liquibase.command                        : Command execution complete
2025-12-17T19:02:57.597+03:00  INFO 16968 --- [SpaceFleetDB] [           main] liquibase.changelog                      : Reading from public.databasechangelog
2025-12-17T19:02:57.617+03:00  INFO 16968 --- [SpaceFleetDB] [           main] liquibase.lockservice                    : Successfully acquired change log lock
2025-12-17T19:02:57.618+03:00  INFO 16968 --- [SpaceFleetDB] [           main] liquibase.command                        : Using deploymentId: 5987377618
2025-12-17T19:02:57.619+03:00  INFO 16968 --- [SpaceFleetDB] [           main] liquibase.changelog                      : Reading from public.databasechangelog
2025-12-17T19:02:57.640+03:00  INFO 16968 --- [SpaceFleetDB] [           main] liquibase.ui                             : Running Changeset: db/changelog/db.changelog-master.xml::001-schema::sergey
2025-12-17T19:02:57.678+03:00  INFO 16968 --- [SpaceFleetDB] [           main] liquibase.changelog                      : SQL in file migrations/001-schema.sql executed
2025-12-17T19:02:57.680+03:00  INFO 16968 --- [SpaceFleetDB] [           main] liquibase.changelog                      : ChangeSet db/changelog/db.changelog-master.xml::001-schema::sergey ran successfully in 39ms
2025-12-17T19:02:57.685+03:00  INFO 16968 --- [SpaceFleetDB] [           main] liquibase.ui                             : Running Changeset: db/changelog/db.changelog-master.xml::002-insert::sergey
2025-12-17T19:02:57.712+03:00  INFO 16968 --- [SpaceFleetDB] [           main] liquibase.changelog                      : SQL in file migrations/002-insert.sql executed
2025-12-17T19:02:57.713+03:00  INFO 16968 --- [SpaceFleetDB] [           main] liquibase.changelog                      : ChangeSet db/changelog/db.changelog-master.xml::002-insert::sergey ran successfully in 28ms
2025-12-17T19:02:57.720+03:00  INFO 16968 --- [SpaceFleetDB] [           main] liquibase.util                           : UPDATE SUMMARY
2025-12-17T19:02:57.720+03:00  INFO 16968 --- [SpaceFleetDB] [           main] liquibase.util                           : Run:                          2
2025-12-17T19:02:57.720+03:00  INFO 16968 --- [SpaceFleetDB] [           main] liquibase.util                           : Previously run:               0
2025-12-17T19:02:57.721+03:00  INFO 16968 --- [SpaceFleetDB] [           main] liquibase.util                           : Filtered out:                 0
2025-12-17T19:02:57.721+03:00  INFO 16968 --- [SpaceFleetDB] [           main] liquibase.util                           : -------------------------------
2025-12-17T19:02:57.721+03:00  INFO 16968 --- [SpaceFleetDB] [           main] liquibase.util                           : Total change sets:            2
2025-12-17T19:02:57.721+03:00  INFO 16968 --- [SpaceFleetDB] [           main] liquibase.util                           : Update summary generated
2025-12-17T19:02:57.724+03:00  INFO 16968 --- [SpaceFleetDB] [           main] liquibase.command                        : Update command completed successfully.
2025-12-17T19:02:57.724+03:00  INFO 16968 --- [SpaceFleetDB] [           main] liquibase.ui                             : Liquibase: Update has been successful. Rows affected: 177
2025-12-17T19:02:57.728+03:00  INFO 16968 --- [SpaceFleetDB] [           main] liquibase.lockservice                    : Successfully released change log lock
2025-12-17T19:02:57.730+03:00  INFO 16968 --- [SpaceFleetDB] [           main] liquibase.command                        : Command execution complete
2025-12-17T19:02:57.801+03:00  INFO 16968 --- [SpaceFleetDB] [           main] o.hibernate.jpa.internal.util.LogHelper  : HHH000204: Processing PersistenceUnitInfo [name: default]
2025-12-17T19:02:57.857+03:00  INFO 16968 --- [SpaceFleetDB] [           main] org.hibernate.Version                    : HHH000412: Hibernate ORM core version 6.5.2.Final
2025-12-17T19:02:57.891+03:00  INFO 16968 --- [SpaceFleetDB] [           main] o.h.c.internal.RegionFactoryInitiator    : HHH000026: Second-level cache disabled
2025-12-17T19:02:58.133+03:00  INFO 16968 --- [SpaceFleetDB] [           main] o.s.o.j.p.SpringPersistenceUnitInfo      : No LoadTimeWeaver setup: ignoring JPA class transformer
2025-12-17T19:02:58.759+03:00  INFO 16968 --- [SpaceFleetDB] [           main] o.h.e.t.j.p.i.JtaPlatformInitiator       : HHH000489: No JTA platform available (set 'hibernate.transaction.jta.platform' to enable JTA platform integration)
2025-12-17T19:02:58.761+03:00  INFO 16968 --- [SpaceFleetDB] [           main] j.LocalContainerEntityManagerFactoryBean : Initialized JPA EntityManagerFactory for persistence unit 'default'
2025-12-17T19:02:58.974+03:00  INFO 16968 --- [SpaceFleetDB] [           main] o.s.d.j.r.query.QueryEnhancerFactory     : Hibernate is in classpath; If applicable, HQL parser will be used.
2025-12-17T19:02:59.953+03:00  WARN 16968 --- [SpaceFleetDB] [           main] JpaBaseConfiguration$JpaWebConfiguration : spring.jpa.open-in-view is enabled by default. Therefore, database queries may be performed during view rendering. Explicitly configure spring.jpa.open-in-view to disable this warning
2025-12-17T19:03:00.475+03:00  INFO 16968 --- [SpaceFleetDB] [           main] c.e.spacefleetdb.CrewJpaRepositoryTest   : Started CrewJpaRepositoryTest in 4.516 seconds (process running for 7.311)
2025-12-17T19:03:00.866+03:00 DEBUG 16968 --- [SpaceFleetDB] [           main] org.hibernate.SQL                        : select cm1_0.id,s1_0.name,cm1_0.full_name,cm1_0.rank,cm1_0.specialization from crew_member cm1_0 join ship s1_0 on s1_0.id=cm1_0.ship_id join fleet f1_0 on f1_0.id=s1_0.fleet_id where f1_0.name=?
Hibernate: select cm1_0.id,s1_0.name,cm1_0.full_name,cm1_0.rank,cm1_0.specialization from crew_member cm1_0 join ship s1_0 on s1_0.id=cm1_0.ship_id join fleet f1_0 on f1_0.id=s1_0.fleet_id where f1_0.name=?
]]></system-out>
  </testcase>
</testsuite>